Base path: D:/Program Files (x86)/Unity/Nintendo/3DS/Program Files/UnityNew3DS_1_3_0/Editor/Data
Cmd: initializeCompiler
Cmd: compileSnippet
  api=16 type=0 insize=4894 outsize=0 kw= pd=UNITY_ENABLE_REFLECTION_BUFFERS UNITY_NO_SCREENSPACE_SHADOWS UNITY_PBS_USE_BRDF3 UNITY_COLORSPACE_GAMMA ok=1
Cmd: compileSnippet
  api=16 type=1 insize=2240 outsize=0 kw= pd=UNITY_ENABLE_REFLECTION_BUFFERS UNITY_NO_SCREENSPACE_SHADOWS UNITY_PBS_USE_BRDF3 UNITY_COLORSPACE_GAMMA ok=1
Cmd: compileSnippet
  api=16 type=0 insize=981 outsize=0 kw= pd=UNITY_ENABLE_REFLECTION_BUFFERS UNITY_NO_SCREENSPACE_SHADOWS UNITY_PBS_USE_BRDF3 UNITY_COLORSPACE_GAMMA ok=1
Cmd: compileSnippet
  api=16 type=1 insize=1504 outsize=0 kw= pd=UNITY_ENABLE_REFLECTION_BUFFERS UNITY_NO_SCREENSPACE_SHADOWS UNITY_PBS_USE_BRDF3 UNITY_COLORSPACE_GAMMA ok=1
Cmd: compileSnippet
  api=16 type=0 insize=1199 outsize=0 kw= pd=UNITY_ENABLE_REFLECTION_BUFFERS UNITY_NO_SCREENSPACE_SHADOWS UNITY_PBS_USE_BRDF3 UNITY_COLORSPACE_GAMMA ok=1
Cmd: compileSnippet
  api=16 type=1 insize=1537 outsize=0 kw= pd=UNITY_ENABLE_REFLECTION_BUFFERS UNITY_NO_SCREENSPACE_SHADOWS UNITY_PBS_USE_BRDF3 UNITY_COLORSPACE_GAMMA ok=1
Cmd: compileSnippet
  api=16 type=0 insize=1555 outsize=0 kw= pd=UNITY_ENABLE_REFLECTION_BUFFERS UNITY_NO_SCREENSPACE_SHADOWS UNITY_PBS_USE_BRDF3 UNITY_COLORSPACE_GAMMA ok=1
Cmd: compileSnippet
  api=16 type=0 insize=598 outsize=0 kw=ETC1_EXTERNAL_ALPHA PIXELSNAP_ON pd=UNITY_ENABLE_REFLECTION_BUFFERS UNITY_NO_SCREENSPACE_SHADOWS UNITY_PBS_USE_BRDF3 UNITY_COLORSPACE_GAMMA ok=1
Cmd: compileSnippet
  api=16 type=0 insize=1588 outsize=0 kw= pd=UNITY_ENABLE_REFLECTION_BUFFERS UNITY_NO_SCREENSPACE_SHADOWS UNITY_PBS_USE_BRDF3 UNITY_COLORSPACE_GAMMA ok=1
Cmd: compileSnippet
  api=16 type=1 insize=6769 outsize=0 kw= pd=UNITY_ENABLE_REFLECTION_BUFFERS UNITY_NO_SCREENSPACE_SHADOWS UNITY_PBS_USE_BRDF3 UNITY_COLORSPACE_GAMMA ok=1
Cmd: compileSnippet
  api=16 type=1 insize=813 outsize=0 kw= pd=UNITY_ENABLE_REFLECTION_BUFFERS UNITY_NO_SCREENSPACE_SHADOWS UNITY_PBS_USE_BRDF3 UNITY_COLORSPACE_GAMMA ok=1
